<?xml version="1.0" encoding="UTF-8"?>
<!-- Generated by org.testng.reporters.JUnitReportReporter -->
<testsuite hostname="DESKTOP-EGQ2P43" failures="0" tests="6" name="com.nopcommerce.user.Level_03_Page_Object_Register" time="8.334" errors="0" timestamp="06 Feb 2023 08:07:07 GMT" skipped="0">
  <testcase classname="com.nopcommerce.user.Level_03_Page_Object_Register" name="Register_05_Password_Less_Than_6_Chars" time="1.057"/>
  <testcase classname="com.nopcommerce.user.Level_03_Page_Object_Register" name="Register_03_Register_Success" time="1.809"/>
  <testcase classname="com.nopcommerce.user.Level_03_Page_Object_Register" name="Register_02_Invalid_Email" time="1.352"/>
  <testcase classname="com.nopcommerce.user.Level_03_Page_Object_Register" name="Register_06_Confirm_Password_Not_Match" time="1.194"/>
  <testcase classname="com.nopcommerce.user.Level_03_Page_Object_Register" name="Register_04_Existing_Email" time="1.721"/>
  <testcase classname="com.nopcommerce.user.Level_03_Page_Object_Register" name="Register_01_Empty_Data" time="1.201"/>
</testsuite> <!-- com.nopcommerce.user.Level_03_Page_Object_Register -->
