<?xml version="1.0" encoding="UTF-8"?>
<!-- Generated by org.testng.reporters.JUnitReportReporter -->
<testsuite hostname="DESKTOP-EGQ2P43" failures="0" tests="18" name="com.nopcommerce.user.Level_06_Page_Generator_Manager_My_Account" time="10.453" errors="0" timestamp="09 Feb 2023 12:59:36 GMT" skipped="12">
  <testcase classname="com.nopcommerce.user.Level_06_Page_Generator_Manager_My_Account" name="My_Account_02_Add_Address" time="1.290"/>
  <testcase classname="com.nopcommerce.user.Level_06_Page_Generator_Manager_My_Account" name="My_Account_01_Update_Customer_Infor" time="2.204"/>
  <testcase classname="com.nopcommerce.user.Level_06_Page_Generator_Manager_My_Account" name="My_Account_01_Update_Customer_Infor" time="2.096"/>
  <testcase classname="com.nopcommerce.user.Level_06_Page_Generator_Manager_My_Account" name="My_Account_02_Add_Address" time="0.983"/>
  <testcase classname="com.nopcommerce.user.Level_06_Page_Generator_Manager_My_Account" name="My_Account_01_Update_Customer_Infor" time="2.565"/>
  <testcase classname="com.nopcommerce.user.Level_06_Page_Generator_Manager_My_Account" name="My_Account_02_Add_Address" time="1.315"/>
  <testcase classname="com.nopcommerce.user.Level_06_Page_Generator_Manager_My_Account" name="Register_06_Confirm_Password_Not_Match">
    <skipped/>
  </testcase> <!-- Register_06_Confirm_Password_Not_Match -->
  <testcase classname="com.nopcommerce.user.Level_06_Page_Generator_Manager_My_Account" name="Register_06_Confirm_Password_Not_Match">
    <skipped/>
  </testcase> <!-- Register_06_Confirm_Password_Not_Match -->
  <testcase classname="com.nopcommerce.user.Level_06_Page_Generator_Manager_My_Account" name="Register_06_Confirm_Password_Not_Match">
    <skipped/>
  </testcase> <!-- Register_06_Confirm_Password_Not_Match -->
  <testcase classname="com.nopcommerce.user.Level_06_Page_Generator_Manager_My_Account" name="Register_04_Existing_Email">
    <skipped/>
  </testcase> <!-- Register_04_Existing_Email -->
  <testcase classname="com.nopcommerce.user.Level_06_Page_Generator_Manager_My_Account" name="Register_04_Existing_Email">
    <skipped/>
  </testcase> <!-- Register_04_Existing_Email -->
  <testcase classname="com.nopcommerce.user.Level_06_Page_Generator_Manager_My_Account" name="Register_04_Existing_Email">
    <skipped/>
  </testcase> <!-- Register_04_Existing_Email -->
  <testcase classname="com.nopcommerce.user.Level_06_Page_Generator_Manager_My_Account" name="Register_05_Password_Less_Than_6_Chars">
    <skipped/>
  </testcase> <!-- Register_05_Password_Less_Than_6_Chars -->
  <testcase classname="com.nopcommerce.user.Level_06_Page_Generator_Manager_My_Account" name="Register_03_Register_Success">
    <skipped/>
  </testcase> <!-- Register_03_Register_Success -->
  <testcase classname="com.nopcommerce.user.Level_06_Page_Generator_Manager_My_Account" name="Register_05_Password_Less_Than_6_Chars">
    <skipped/>
  </testcase> <!-- Register_05_Password_Less_Than_6_Chars -->
  <testcase classname="com.nopcommerce.user.Level_06_Page_Generator_Manager_My_Account" name="Register_03_Register_Success">
    <skipped/>
  </testcase> <!-- Register_03_Register_Success -->
  <testcase classname="com.nopcommerce.user.Level_06_Page_Generator_Manager_My_Account" name="Register_05_Password_Less_Than_6_Chars">
    <skipped/>
  </testcase> <!-- Register_05_Password_Less_Than_6_Chars -->
  <testcase classname="com.nopcommerce.user.Level_06_Page_Generator_Manager_My_Account" name="Register_03_Register_Success">
    <skipped/>
  </testcase> <!-- Register_03_Register_Success -->
</testsuite> <!-- com.nopcommerce.user.Level_06_Page_Generator_Manager_My_Account -->
