<?xml version="1.0" encoding="UTF-8"?>
<!-- Generated by org.testng.reporters.JUnitReportReporter -->
<testsuite hostname="DESKTOP-MGEJCOV" failures="0" tests="12" name="com.nopcommerce.user.Level_03_Page_Object_Login" time="17.990" errors="0" timestamp="2023-01-31T21:35:51 ICT" skipped="0">
  <testcase classname="com.nopcommerce.user.Level_03_Page_Object_Login" name="Login_05_Incorrect_Password" time="1.778"/>
  <system-out/>
  <testcase classname="com.nopcommerce.user.Level_03_Page_Object_Login" name="Login_02_Invalid_Email" time="1.083"/>
  <system-out/>
  <testcase classname="com.nopcommerce.user.Level_03_Page_Object_Login" name="Login_06_Login_Success" time="2.118"/>
  <system-out/>
  <testcase classname="com.nopcommerce.user.Level_03_Page_Object_Login" name="Login_03_Not_Register_Email" time="1.468"/>
  <system-out/>
  <testcase classname="com.nopcommerce.user.Level_03_Page_Object_Login" name="Login_04_Not_Input_Password" time="1.549"/>
  <system-out/>
  <testcase classname="com.nopcommerce.user.Level_03_Page_Object_Login" name="Login_06_Login_Success" time="2.175"/>
  <system-out/>
  <testcase classname="com.nopcommerce.user.Level_03_Page_Object_Login" name="Login_02_Invalid_Email" time="1.038"/>
  <system-out/>
  <testcase classname="com.nopcommerce.user.Level_03_Page_Object_Login" name="Login_01_Empty_Data" time="1.179"/>
  <system-out/>
  <testcase classname="com.nopcommerce.user.Level_03_Page_Object_Login" name="Login_04_Not_Input_Password" time="1.354"/>
  <system-out/>
  <testcase classname="com.nopcommerce.user.Level_03_Page_Object_Login" name="Login_01_Empty_Data" time="0.682"/>
  <system-out/>
  <testcase classname="com.nopcommerce.user.Level_03_Page_Object_Login" name="Login_05_Incorrect_Password" time="2.089"/>
  <system-out/>
  <testcase classname="com.nopcommerce.user.Level_03_Page_Object_Login" name="Login_03_Not_Register_Email" time="1.477"/>
  <system-out/>
</testsuite> <!-- com.nopcommerce.user.Level_03_Page_Object_Login -->
