<?xml version="1.0" encoding="UTF-8"?>
<!-- Generated by org.testng.reporters.JUnitReportReporter -->
<testsuite hostname="DESKTOP-EGQ2P43" failures="0" tests="6" name="com.nopcommerce.user.Level_03_Page_Object_Login" time="1.251" errors="0" timestamp="07 Feb 2023 15:21:54 GMT" skipped="5">
  <testcase classname="com.nopcommerce.user.Level_03_Page_Object_Login" name="Login_06_Login_Success" time="1.251"/>
  <testcase classname="com.nopcommerce.user.Level_03_Page_Object_Login" name="Login_04_Not_Input_Password">
    <skipped/>
  </testcase> <!-- Login_04_Not_Input_Password -->
  <testcase classname="com.nopcommerce.user.Level_03_Page_Object_Login" name="Login_03_Not_Register_Email">
    <skipped/>
  </testcase> <!-- Login_03_Not_Register_Email -->
  <testcase classname="com.nopcommerce.user.Level_03_Page_Object_Login" name="Login_05_Incorrect_Password">
    <skipped/>
  </testcase> <!-- Login_05_Incorrect_Password -->
  <testcase classname="com.nopcommerce.user.Level_03_Page_Object_Login" name="Login_01_Empty_Data">
    <skipped/>
  </testcase> <!-- Login_01_Empty_Data -->
  <testcase classname="com.nopcommerce.user.Level_03_Page_Object_Login" name="Login_02_Invalid_Email">
    <skipped/>
  </testcase> <!-- Login_02_Invalid_Email -->
</testsuite> <!-- com.nopcommerce.user.Level_03_Page_Object_Login -->
